mode: set
github.com/gsibona/backpack-bcgow6-gonzalo-sibona/go-web/internal/products/repository.go:35.46,39.2 1 1
github.com/gsibona/backpack-bcgow6-gonzalo-sibona/go-web/internal/products/repository.go:41.48,43.34 2 1
github.com/gsibona/backpack-bcgow6-gonzalo-sibona/go-web/internal/products/repository.go:46.2,46.15 1 1
github.com/gsibona/backpack-bcgow6-gonzalo-sibona/go-web/internal/products/repository.go:43.34,45.3 1 0
github.com/gsibona/backpack-bcgow6-gonzalo-sibona/go-web/internal/products/repository.go:49.53,51.34 2 1
github.com/gsibona/backpack-bcgow6-gonzalo-sibona/go-web/internal/products/repository.go:54.2,54.19 1 1
github.com/gsibona/backpack-bcgow6-gonzalo-sibona/go-web/internal/products/repository.go:59.2,59.68 1 1
github.com/gsibona/backpack-bcgow6-gonzalo-sibona/go-web/internal/products/repository.go:51.34,53.3 1 0
github.com/gsibona/backpack-bcgow6-gonzalo-sibona/go-web/internal/products/repository.go:54.19,55.16 1 1
github.com/gsibona/backpack-bcgow6-gonzalo-sibona/go-web/internal/products/repository.go:55.16,57.4 1 1
github.com/gsibona/backpack-bcgow6-gonzalo-sibona/go-web/internal/products/repository.go:62.154,65.34 3 1
github.com/gsibona/backpack-bcgow6-gonzalo-sibona/go-web/internal/products/repository.go:68.2,69.35 2 1
github.com/gsibona/backpack-bcgow6-gonzalo-sibona/go-web/internal/products/repository.go:72.2,72.14 1 1
github.com/gsibona/backpack-bcgow6-gonzalo-sibona/go-web/internal/products/repository.go:65.34,67.3 1 0
github.com/gsibona/backpack-bcgow6-gonzalo-sibona/go-web/internal/products/repository.go:69.35,71.3 1 0
github.com/gsibona/backpack-bcgow6-gonzalo-sibona/go-web/internal/products/repository.go:75.42,77.34 2 1
github.com/gsibona/backpack-bcgow6-gonzalo-sibona/go-web/internal/products/repository.go:80.2,80.15 1 1
github.com/gsibona/backpack-bcgow6-gonzalo-sibona/go-web/internal/products/repository.go:83.2,83.29 1 1
github.com/gsibona/backpack-bcgow6-gonzalo-sibona/go-web/internal/products/repository.go:77.34,79.3 1 0
github.com/gsibona/backpack-bcgow6-gonzalo-sibona/go-web/internal/products/repository.go:80.15,82.3 1 0
github.com/gsibona/backpack-bcgow6-gonzalo-sibona/go-web/internal/products/repository.go:86.64,88.34 2 1
github.com/gsibona/backpack-bcgow6-gonzalo-sibona/go-web/internal/products/repository.go:91.2,91.19 1 1
github.com/gsibona/backpack-bcgow6-gonzalo-sibona/go-web/internal/products/repository.go:100.2,100.76 1 0
github.com/gsibona/backpack-bcgow6-gonzalo-sibona/go-web/internal/products/repository.go:88.34,90.3 1 0
github.com/gsibona/backpack-bcgow6-gonzalo-sibona/go-web/internal/products/repository.go:91.19,92.24 1 1
github.com/gsibona/backpack-bcgow6-gonzalo-sibona/go-web/internal/products/repository.go:92.24,94.37 2 1
github.com/gsibona/backpack-bcgow6-gonzalo-sibona/go-web/internal/products/repository.go:97.4,97.20 1 1
github.com/gsibona/backpack-bcgow6-gonzalo-sibona/go-web/internal/products/repository.go:94.37,96.5 1 0
github.com/gsibona/backpack-bcgow6-gonzalo-sibona/go-web/internal/products/repository.go:103.52,105.34 2 1
github.com/gsibona/backpack-bcgow6-gonzalo-sibona/go-web/internal/products/repository.go:108.2,108.19 1 1
github.com/gsibona/backpack-bcgow6-gonzalo-sibona/go-web/internal/products/repository.go:117.2,117.68 1 1
github.com/gsibona/backpack-bcgow6-gonzalo-sibona/go-web/internal/products/repository.go:105.34,107.3 1 0
github.com/gsibona/backpack-bcgow6-gonzalo-sibona/go-web/internal/products/repository.go:108.19,109.16 1 1
github.com/gsibona/backpack-bcgow6-gonzalo-sibona/go-web/internal/products/repository.go:109.16,111.37 2 1
github.com/gsibona/backpack-bcgow6-gonzalo-sibona/go-web/internal/products/repository.go:114.4,114.16 1 1
github.com/gsibona/backpack-bcgow6-gonzalo-sibona/go-web/internal/products/repository.go:111.37,113.5 1 0
github.com/gsibona/backpack-bcgow6-gonzalo-sibona/go-web/internal/products/repository.go:120.88,122.34 2 1
github.com/gsibona/backpack-bcgow6-gonzalo-sibona/go-web/internal/products/repository.go:125.2,125.19 1 1
github.com/gsibona/backpack-bcgow6-gonzalo-sibona/go-web/internal/products/repository.go:135.2,135.68 1 1
github.com/gsibona/backpack-bcgow6-gonzalo-sibona/go-web/internal/products/repository.go:122.34,124.3 1 0
github.com/gsibona/backpack-bcgow6-gonzalo-sibona/go-web/internal/products/repository.go:125.19,126.16 1 1
github.com/gsibona/backpack-bcgow6-gonzalo-sibona/go-web/internal/products/repository.go:126.16,129.37 3 1
github.com/gsibona/backpack-bcgow6-gonzalo-sibona/go-web/internal/products/repository.go:132.4,132.20 1 1
github.com/gsibona/backpack-bcgow6-gonzalo-sibona/go-web/internal/products/repository.go:129.37,131.5 1 0
github.com/gsibona/backpack-bcgow6-gonzalo-sibona/go-web/internal/products/service.go:18.39,22.2 1 1
github.com/gsibona/backpack-bcgow6-gonzalo-sibona/go-web/internal/products/service.go:24.44,26.2 1 1
github.com/gsibona/backpack-bcgow6-gonzalo-sibona/go-web/internal/products/service.go:28.49,30.2 1 1
github.com/gsibona/backpack-bcgow6-gonzalo-sibona/go-web/internal/products/service.go:32.143,34.13 2 1
github.com/gsibona/backpack-bcgow6-gonzalo-sibona/go-web/internal/products/service.go:37.2,38.13 2 1
github.com/gsibona/backpack-bcgow6-gonzalo-sibona/go-web/internal/products/service.go:41.2,42.88 2 1
github.com/gsibona/backpack-bcgow6-gonzalo-sibona/go-web/internal/products/service.go:34.13,36.3 1 0
github.com/gsibona/backpack-bcgow6-gonzalo-sibona/go-web/internal/products/service.go:38.13,40.3 1 0
github.com/gsibona/backpack-bcgow6-gonzalo-sibona/go-web/internal/products/service.go:45.155,47.13 2 1
github.com/gsibona/backpack-bcgow6-gonzalo-sibona/go-web/internal/products/service.go:50.2,50.101 1 1
github.com/gsibona/backpack-bcgow6-gonzalo-sibona/go-web/internal/products/service.go:47.13,49.3 1 0
github.com/gsibona/backpack-bcgow6-gonzalo-sibona/go-web/internal/products/service.go:55.127,56.15 1 1
github.com/gsibona/backpack-bcgow6-gonzalo-sibona/go-web/internal/products/service.go:59.2,59.14 1 1
github.com/gsibona/backpack-bcgow6-gonzalo-sibona/go-web/internal/products/service.go:62.2,62.16 1 1
github.com/gsibona/backpack-bcgow6-gonzalo-sibona/go-web/internal/products/service.go:65.2,65.13 1 1
github.com/gsibona/backpack-bcgow6-gonzalo-sibona/go-web/internal/products/service.go:68.2,68.15 1 1
github.com/gsibona/backpack-bcgow6-gonzalo-sibona/go-web/internal/products/service.go:71.2,71.19 1 1
github.com/gsibona/backpack-bcgow6-gonzalo-sibona/go-web/internal/products/service.go:74.2,74.22 1 1
github.com/gsibona/backpack-bcgow6-gonzalo-sibona/go-web/internal/products/service.go:77.2,77.8 1 1
github.com/gsibona/backpack-bcgow6-gonzalo-sibona/go-web/internal/products/service.go:56.15,58.3 1 0
github.com/gsibona/backpack-bcgow6-gonzalo-sibona/go-web/internal/products/service.go:59.14,61.3 1 0
github.com/gsibona/backpack-bcgow6-gonzalo-sibona/go-web/internal/products/service.go:62.16,64.3 1 0
github.com/gsibona/backpack-bcgow6-gonzalo-sibona/go-web/internal/products/service.go:65.13,67.3 1 0
github.com/gsibona/backpack-bcgow6-gonzalo-sibona/go-web/internal/products/service.go:68.15,70.3 1 0
github.com/gsibona/backpack-bcgow6-gonzalo-sibona/go-web/internal/products/service.go:71.19,73.3 1 0
github.com/gsibona/backpack-bcgow6-gonzalo-sibona/go-web/internal/products/service.go:74.22,76.3 1 0
github.com/gsibona/backpack-bcgow6-gonzalo-sibona/go-web/internal/products/service.go:80.49,82.2 1 1
github.com/gsibona/backpack-bcgow6-gonzalo-sibona/go-web/internal/products/service.go:84.86,87.13 3 1
github.com/gsibona/backpack-bcgow6-gonzalo-sibona/go-web/internal/products/service.go:90.2,90.52 1 1
github.com/gsibona/backpack-bcgow6-gonzalo-sibona/go-web/internal/products/service.go:87.13,89.3 1 0
